<?xml version="1.0" encoding="UTF-8"?>
<testng-results ignored="0" total="1" passed="1" failed="0" skipped="0">
  <reporter-output>
  </reporter-output>
  <suite started-at="2025-12-20T14:42:09 IST" name="Default suite" finished-at="2025-12-20T14:42:21 IST" duration-ms="12482">
    <groups>
      <group name="cucumber">
        <method signature="AbstractTestNGCucumberTests.runScenario(io.cucumber.testng.PickleWrapper,io.cucumber.testng.FeatureWrapper)[pri:0, instance:mypackage.Runner@2df3b89c]" name="runScenario" class="io.cucumber.testng.AbstractTestNGCucumberTests"/>
      </group> <!-- cucumber -->
    </groups>
    <test started-at="2025-12-20T14:42:09 IST" name="Default test" finished-at="2025-12-20T14:42:21 IST" duration-ms="12482">
      <class name="mypackage.Runner">
        <test-method is-config="true" signature="setUpClass(org.testng.ITestContext)[pri:0, instance:mypackage.Runner@2df3b89c]" started-at="2025-12-20T14:42:09 IST" name="setUpClass" finished-at="2025-12-20T14:42:11 IST" duration-ms="2637" status="PASS">
          <params>
            <param index="0">
              <value>
                <![CDATA[org.testng.TestRunner@11ebb1b6]]>
              </value>
            </param>
          </params>
          <reporter-output>
          </reporter-output>
        </test-method> <!-- setUpClass -->
        <test-method signature="runScenario(io.cucumber.testng.PickleWrapper,io.cucumber.testng.FeatureWrapper)[pri:0, instance:mypackage.Runner@2df3b89c]" started-at="2025-12-20T14:42:11 IST" name="runScenario" description="Runs Cucumber Scenarios" data-provider="scenarios" finished-at="2025-12-20T14:42:21 IST" duration-ms="9594" status="PASS">
          <params>
            <param index="0">
              <value>
                <![CDATA[""]]>
              </value>
            </param>
            <param index="1">
              <value>
                <![CDATA["Unknown"]]>
              </value>
            </param>
          </params>
          <reporter-output>
          </reporter-output>
        </test-method> <!-- runScenario -->
        <test-method is-config="true" signature="tearDownClass()[pri:0, instance:mypackage.Runner@2df3b89c]" started-at="2025-12-20T14:42:21 IST" name="tearDownClass" finished-at="2025-12-20T14:42:21 IST" duration-ms="109" status="PASS">
          <reporter-output>
          </reporter-output>
        </test-method> <!-- tearDownClass -->
      </class> <!-- mypackage.Runner -->
    </test> <!-- Default test -->
  </suite> <!-- Default suite -->
</testng-results>
