<?xml version="1.0" encoding="UTF-8"?>
<testng-results ignored="0" total="1" passed="1" failed="0" skipped="0">
  <reporter-output>
  </reporter-output>
  <suite started-at="2025-11-26T16:36:52 IST" name="Default suite" finished-at="2025-11-26T16:37:15 IST" duration-ms="22999">
    <groups>
      <group name="cucumber">
        <method signature="AbstractTestNGCucumberTests.runScenario(io.cucumber.testng.PickleWrapper,io.cucumber.testng.FeatureWrapper)[pri:0, instance:mainpackage.Runner@2df3b89c]" name="runScenario" class="io.cucumber.testng.AbstractTestNGCucumberTests"/>
      </group> <!-- cucumber -->
    </groups>
    <test started-at="2025-11-26T16:36:52 IST" name="Default test" finished-at="2025-11-26T16:37:15 IST" duration-ms="22999">
      <class name="mainpackage.Runner">
        <test-method is-config="true" signature="setUpClass(org.testng.ITestContext)[pri:0, instance:mainpackage.Runner@2df3b89c]" started-at="2025-11-26T16:36:52 IST" name="setUpClass" finished-at="2025-11-26T16:36:53 IST" duration-ms="1079" status="PASS">
          <params>
            <param index="0">
              <value>
                <![CDATA[org.testng.TestRunner@7bebcd65]]>
              </value>
            </param>
          </params>
          <reporter-output>
          </reporter-output>
        </test-method> <!-- setUpClass -->
        <test-method signature="runScenario(io.cucumber.testng.PickleWrapper,io.cucumber.testng.FeatureWrapper)[pri:0, instance:mainpackage.Runner@2df3b89c]" started-at="2025-11-26T16:36:53 IST" name="runScenario" description="Runs Cucumber Scenarios" data-provider="scenarios" finished-at="2025-11-26T16:37:15 IST" duration-ms="21770" status="PASS">
          <params>
            <param index="0">
              <value>
                <![CDATA[""]]>
              </value>
            </param>
            <param index="1">
              <value>
                <![CDATA["Test"]]>
              </value>
            </param>
          </params>
          <reporter-output>
          </reporter-output>
        </test-method> <!-- runScenario -->
        <test-method is-config="true" signature="tearDownClass()[pri:0, instance:mainpackage.Runner@2df3b89c]" started-at="2025-11-26T16:37:15 IST" name="tearDownClass" finished-at="2025-11-26T16:37:15 IST" duration-ms="62" status="PASS">
          <reporter-output>
          </reporter-output>
        </test-method> <!-- tearDownClass -->
      </class> <!-- mainpackage.Runner -->
    </test> <!-- Default test -->
  </suite> <!-- Default suite -->
</testng-results>
